<?xml version="1.0" encoding="utf-8"?><testsuites name="pytest tests"><testsuite name="pytest" errors="0" failures="0" skipped="0" tests="9" time="1.778" timestamp="2026-07-23T23:25:09.373497+00:00" hostname="agent-env-c468632a-1f92-4c5d-8990-8d4fa0d7802e"><testcase classname="backend.tests.test_media_proxy.TestMediaProxy" name="test_video_full_stream_200" time="0.693" /><testcase classname="backend.tests.test_media_proxy.TestMediaProxy" name="test_video_range_206" time="0.330" /><testcase classname="backend.tests.test_media_proxy.TestMediaProxy" name="test_non_pexels_url_400" time="0.052" /><testcase classname="backend.tests.test_media_proxy.TestMediaProxy" name="test_http_scheme_rejected_400" time="0.050" /><testcase classname="backend.tests.test_media_proxy.TestMediaProxy" name="test_image_proxy_jpeg_200" time="0.215" /><testcase classname="backend.tests.test_media_proxy.TestLocalAssets" name="test_local_asset_200[/assets/logo-127.png]" time="0.169" /><testcase classname="backend.tests.test_media_proxy.TestLocalAssets" name="test_local_asset_200[/assets/koodh-logo.png]" time="0.064" /><testcase classname="backend.tests.test_media_proxy.TestLocalAssets" name="test_local_asset_200[/assets/autosoft-it-solutions.png]" time="0.063" /><testcase classname="backend.tests.test_media_proxy.TestLocalAssets" name="test_local_asset_200[/favicon.png]" time="0.046" /></testsuite></testsuites>